17:36:42.431 skipping bootstrap configuration: could not find or read file: classpath:karate-config.js
17:36:43.580 request:
1 > GET https://reqres.in/api/users/3
1 > Accept-Encoding: gzip,deflate
1 > Connection: Keep-Alive
1 > Host: reqres.in
1 > User-Agent: Apache-HttpClient/4.5.11 (Java/1.8.0_144)

17:36:44.263 response time in milliseconds: 680.28
1 < 200
1 < Access-Control-Allow-Origin: *
1 < Age: 3784
1 < CF-Cache-Status: HIT
1 < CF-RAY: 5c09966c1b3fdc33-LHR
1 < Cache-Control: max-age=14400
1 < Connection: keep-alive
1 < Content-Type: application/json; charset=utf-8
1 < Date: Mon, 10 Aug 2020 12:05:52 GMT
1 < Etag: W/"16e-/dQyOreIv6pEupp8RbP+u+utK/A"
1 < Expect-CT: max-age=604800, report-uri="https://report-uri.cloudflare.com/cdn-cgi/beacon/expect-ct"
1 < Server: cloudflare
1 < Set-Cookie: __cfduid=ddec2b90f15b4834f35f33aee618ca20f1597061152; expires=Wed, 09-Sep-20 12:05:52 GMT; path=/; domain=.reqres.in; HttpOnly; SameSite=Lax; Secure
1 < Transfer-Encoding: chunked
1 < Vary: Accept-Encoding
1 < Via: 1.1 vegur
1 < X-Powered-By: Express
1 < cf-request-id: 0479dc578e0000dc33f887f200000001
{"data":{"id":3,"email":"emma.wong@reqres.in","first_name":"Emma","last_name":"Wong","avatar":"https://s3.amazonaws.com/uifaces/faces/twitter/olegpogodaev/128.jpg"},"ad":{"company":"StatusCode Weekly","url":"http://statuscode.org/","text":"A weekly newsletter focusing on software development, infrastructure, the server, performance, and the stack end of things."}}

17:36:44.274 [print] {
  "ad": {
    "company": "StatusCode Weekly",
    "text": "A weekly newsletter focusing on software development, infrastructure, the server, performance, and the stack end of things.",
    "url": "http://statuscode.org/"
  },
  "data": {
    "last_name": "Wong",
    "id": 3,
    "avatar": "https://s3.amazonaws.com/uifaces/faces/twitter/olegpogodaev/128.jpg",
    "first_name": "Emma",
    "email": "emma.wong@reqres.in"
  }
}

