17:42:53.350 skipping bootstrap configuration: could not find or read file: classpath:karate-config.js
17:42:54.500 request:
1 > GET https://reqres.in/api/users/2
1 > Accept-Encoding: gzip,deflate
1 > Connection: Keep-Alive
1 > Host: reqres.in
1 > User-Agent: Apache-HttpClient/4.5.11 (Java/1.8.0_144)

17:42:54.689 response time in milliseconds: 188.32
1 < 200
1 < Access-Control-Allow-Origin: *
1 < Age: 1033
1 < CF-Cache-Status: HIT
1 < CF-RAY: 5c099f77a8e3e135-BOM
1 < Cache-Control: max-age=14400
1 < Connection: keep-alive
1 < Content-Type: application/json; charset=utf-8
1 < Date: Mon, 10 Aug 2020 12:12:03 GMT
1 < Etag: W/"173-1Z8bn0V7UjH6FK7NCaza1ccWXQk"
1 < Expect-CT: max-age=604800, report-uri="https://report-uri.cloudflare.com/cdn-cgi/beacon/expect-ct"
1 < Server: cloudflare
1 < Set-Cookie: __cfduid=d1c0539834a6f4143ba215afb14d1dd041597061523; expires=Wed, 09-Sep-20 12:12:03 GMT; path=/; domain=.reqres.in; HttpOnly; SameSite=Lax; Secure
1 < Transfer-Encoding: chunked
1 < Vary: Accept-Encoding
1 < Via: 1.1 vegur
1 < X-Powered-By: Express
1 < cf-request-id: 0479e1fecd0000e1355bbf3200000001
{"data":{"id":2,"email":"janet.weaver@reqres.in","first_name":"Janet","last_name":"Weaver","avatar":"https://s3.amazonaws.com/uifaces/faces/twitter/josephstein/128.jpg"},"ad":{"company":"StatusCode Weekly","url":"http://statuscode.org/","text":"A weekly newsletter focusing on software development, infrastructure, the server, performance, and the stack end of things."}}

17:42:54.699 [print] {
  "ad": {
    "company": "StatusCode Weekly",
    "text": "A weekly newsletter focusing on software development, infrastructure, the server, performance, and the stack end of things.",
    "url": "http://statuscode.org/"
  },
  "data": {
    "last_name": "Weaver",
    "id": 2,
    "avatar": "https://s3.amazonaws.com/uifaces/faces/twitter/josephstein/128.jpg",
    "first_name": "Janet",
    "email": "janet.weaver@reqres.in"
  }
}

7:31:30.285 request:
1 > GET https://reqres.in/api/users/3
1 > Accept-Encoding: gzip,deflate
1 > Connection: Keep-Alive
1 > Host: reqres.in
1 > User-Agent: Apache-HttpClient/4.5.11 (Java/1.8.0_144)

17:31:30.771 response time in milliseconds: 485.77
1 < 200
1 < Access-Control-Allow-Origin: *
1 < Age: 3471
1 < CF-Cache-Status: HIT
1 < CF-RAY: 5c098ec4c8f06a41-LHR
1 < Cache-Control: max-age=14400
1 < Connection: keep-alive
1 < Content-Type: application/json; charset=utf-8
1 < Date: Mon, 10 Aug 2020 12:00:39 GMT
1 < Etag: W/"16e-/dQyOreIv6pEupp8RbP+u+utK/A"
1 < Expect-CT: max-age=604800, report-uri="https://report-uri.cloudflare.com/cdn-cgi/beacon/expect-ct"
1 < Server: cloudflare
1 < Set-Cookie: __cfduid=d81ba99664a6a9db6a640aa0ac2b921651597060839; expires=Wed, 09-Sep-20 12:00:39 GMT; path=/; domain=.reqres.in; HttpOnly; SameSite=Lax; Secure
1 < Transfer-Encoding: chunked
1 < Vary: Accept-Encoding
1 < Via: 1.1 vegur
1 < X-Powered-By: Express
1 < cf-request-id: 0479d78efb00006a41e0a56200000001
{"data":{"id":3,"email":"emma.wong@reqres.in","first_name":"Emma","last_name":"Wong","avatar":"https://s3.amazonaws.com/uifaces/faces/twitter/olegpogodaev/128.jpg"},"ad":{"company":"StatusCode Weekly","url":"http://statuscode.org/","text":"A weekly newsletter focusing on software development, infrastructure, the server, performance, and the stack end of things."}}

17:31:30.772 [print] {
  "ad": {
    "company": "StatusCode Weekly",
    "text": "A weekly newsletter focusing on software development, infrastructure, the server, performance, and the stack end of things.",
    "url": "http://statuscode.org/"
  },
  "data": {
    "last_name": "Wong",
    "id": 3,
    "avatar": "https://s3.amazonaws.com/uifaces/faces/twitter/olegpogodaev/128.jpg",
    "first_name": "Emma",
    "email": "emma.wong@reqres.in"
  }
}

17:31:30.780 [print] result.... {
  "expectedOutput1": [
    {
      "data": {
        "id": 3,
        "email": "emma.wong@reqres.in",
        "first_name": "Emma",
        "last_name": "Wong",
        "avatar": "https://s3.amazonaws.com/uifaces/faces/twitter/olegpogodaev/128.jpg"
      },
      "ad": {
        "company": "StatusCode Weekly",
        "url": "http://statuscode.org/",
        "text": "A weekly newsletter focusing on software development, infrastructure, the server, performance, and the stack end of things."
      }
    },
    {
      "data": {
        "id": 2,
        "email": "janet.weaver@reqres.in",
        "first_name": "Janet",
        "last_name": "Weaver",
        "avatar": "https://s3.amazonaws.com/uifaces/faces/twitter/josephstein/128.jpg"
      },
      "ad": {
        "company": "StatusCode Weekly",
        "url": "http://statuscode.org/",
        "text": "A weekly newsletter focusing on software development, infrastructure, the server, performance, and the stack end of things."
      }
    }
  ],
  "__arg": null,
  "responseType": "json",
  "responseHeaders": {
    "Date": [
      "Mon, 10 Aug 2020 12:00:38 GMT"
    ],
    "Content-Type": [
      "application/json; charset=utf-8"
    ],
    "Transfer-Encoding": [
      "chunked"
    ],
    "Connection": [
      "keep-alive"
    ],
    "Set-Cookie": [
      "__cfduid=d4e2b6e83c1c5bb39bbd765a76f2a3a761597060838; expires=Wed, 09-Sep-20 12:00:38 GMT; path=/; domain=.reqres.in; HttpOnly; SameSite=Lax; Secure"
    ],
    "X-Powered-By": [
      "Express"
    ],
    "Access-Control-Allow-Origin": [
      "*"
    ],
    "Etag": [
      "W/\"173-1Z8bn0V7UjH6FK7NCaza1ccWXQk\""
    ],
    "Via": [
      "1.1 vegur"
    ],
    "Cache-Control": [
      "max-age=14400"
    ],
    "CF-Cache-Status": [
      "HIT"
    ],
    "Age": [
      "680"
    ],
    "cf-request-id": [
      "0479d78cfd0000e624b7332200000001"
    ],
    "Expect-CT": [
      "max-age=604800, report-uri=\"https://report-uri.cloudflare.com/cdn-cgi/beacon/expect-ct\""
    ],
    "Vary": [
      "Accept-Encoding"
    ],
    "Server": [
      "cloudflare"
    ],
    "CF-RAY": [
      "5c098ec19a57e624-LHR"
    ]
  },
  "feature": classpath:featureTest/features/userDetails1.feature,
  "responseTime": 673,
  "response": {
    "ad": {
      "company": "StatusCode Weekly",
      "text": "A weekly newsletter focusing on software development, infrastructure, the server, performance, and the stack end of things.",
      "url": "http://statuscode.org/"
    },
    "data": {
      "last_name": "Weaver",
      "id": 2,
      "avatar": "https://s3.amazonaws.com/uifaces/faces/twitter/josephstein/128.jpg",
      "first_name": "Janet",
      "email": "janet.weaver@reqres.in"
    }
  },
  "requestTimeStamp": 1597060889588,
  "expectedOutput": [
    {
      "data": {
        "id": 3,
        "email": "emma.wong@reqres.in",
        "first_name": "Emma",
        "last_name": "Wong",
        "avatar": "https://s3.amazonaws.com/uifaces/faces/twitter/olegpogodaev/128.jpg"
      },
      "ad": {
        "company": "StatusCode Weekly",
        "url": "http://statuscode.org/",
        "text": "A weekly newsletter focusing on software development, infrastructure, the server, performance, and the stack end of things."
      }
    },
    {
      "data": {
        "id": 2,
        "email": "janet.weaver@reqres.in",
        "first_name": "Janet",
        "last_name": "Weaver",
        "avatar": "https://s3.amazonaws.com/uifaces/faces/twitter/josephstein/128.jpg"
      },
      "ad": {
        "company": "StatusCode Weekly",
        "url": "http://statuscode.org/",
        "text": "A weekly newsletter focusing on software development, infrastructure, the server, performance, and the stack end of things."
      }
    }
  ],
  "responseStatus": 200,
  "__loop": -1,
  "responseCookies": {
    "__cfduid": {
      "name": "__cfduid",
      "value": "d4e2b6e83c1c5bb39bbd765a76f2a3a761597060838",
      "domain": "reqres.in",
      "path": "/",
      "expires": "1599652838000",
      "persistent": "true",
      "secure": "true"
    }
  }
}

17:31:30.788 [print] first_name_value--- Janet
