17:36:42.431 skipping bootstrap configuration: could not find or read file: classpath:karate-config.js
17:36:43.579 request:
1 > GET https://reqres.in/api/users/2
1 > Accept-Encoding: gzip,deflate
1 > Connection: Keep-Alive
1 > Host: reqres.in
1 > User-Agent: Apache-HttpClient/4.5.11 (Java/1.8.0_144)

17:36:44.263 response time in milliseconds: 680.40
1 < 200
1 < Access-Control-Allow-Origin: *
1 < Age: 994
1 < CF-Cache-Status: HIT
1 < CF-RAY: 5c09966c2a05bbee-LHR
1 < Cache-Control: max-age=14400
1 < Connection: keep-alive
1 < Content-Type: application/json; charset=utf-8
1 < Date: Mon, 10 Aug 2020 12:05:52 GMT
1 < Etag: W/"173-1Z8bn0V7UjH6FK7NCaza1ccWXQk"
1 < Expect-CT: max-age=604800, report-uri="https://report-uri.cloudflare.com/cdn-cgi/beacon/expect-ct"
1 < Server: cloudflare
1 < Set-Cookie: __cfduid=d38c354d55c9640a8de6cf5093339c3191597061152; expires=Wed, 09-Sep-20 12:05:52 GMT; path=/; domain=.reqres.in; HttpOnly; SameSite=Lax; Secure
1 < Transfer-Encoding: chunked
1 < Vary: Accept-Encoding
1 < Via: 1.1 vegur
1 < X-Powered-By: Express
1 < cf-request-id: 0479dc57980000bbeeb8208200000001
{"data":{"id":2,"email":"janet.weaver@reqres.in","first_name":"Janet","last_name":"Weaver","avatar":"https://s3.amazonaws.com/uifaces/faces/twitter/josephstein/128.jpg"},"ad":{"company":"StatusCode Weekly","url":"http://statuscode.org/","text":"A weekly newsletter focusing on software development, infrastructure, the server, performance, and the stack end of things."}}

17:36:44.265 [print] {
  "ad": {
    "company": "StatusCode Weekly",
    "text": "A weekly newsletter focusing on software development, infrastructure, the server, performance, and the stack end of things.",
    "url": "http://statuscode.org/"
  },
  "data": {
    "last_name": "Weaver",
    "id": 2,
    "avatar": "https://s3.amazonaws.com/uifaces/faces/twitter/josephstein/128.jpg",
    "first_name": "Janet",
    "email": "janet.weaver@reqres.in"
  }
}

17:36:44.288 request:
1 > GET https://reqres.in/api/users/4
1 > Accept-Encoding: gzip,deflate
1 > Connection: Keep-Alive
1 > Host: reqres.in
1 > User-Agent: Apache-HttpClient/4.5.11 (Java/1.8.0_144)

17:36:44.765 response time in milliseconds: 476.98
1 < 200
1 < Access-Control-Allow-Origin: *
1 < CF-Cache-Status: REVALIDATED
1 < CF-RAY: 5c09966f0cee0726-LHR
1 < Cache-Control: max-age=14400
1 < Connection: keep-alive
1 < Content-Type: application/json; charset=utf-8
1 < Date: Mon, 10 Aug 2020 12:05:53 GMT
1 < Etag: W/"16c-mIWNM4OngCynURuNYpc4udv7t7k"
1 < Expect-CT: max-age=604800, report-uri="https://report-uri.cloudflare.com/cdn-cgi/beacon/expect-ct"
1 < Server: cloudflare
1 < Set-Cookie: __cfduid=d87e8f731d1ba0f91e725efa2d84b8c051597061153; expires=Wed, 09-Sep-20 12:05:53 GMT; path=/; domain=.reqres.in; HttpOnly; SameSite=Lax; Secure
1 < Transfer-Encoding: chunked
1 < Vary: Accept-Encoding
1 < Via: 1.1 vegur
1 < X-Powered-By: Express
1 < cf-request-id: 0479dc5967000007267202d200000001
{"data":{"id":4,"email":"eve.holt@reqres.in","first_name":"Eve","last_name":"Holt","avatar":"https://s3.amazonaws.com/uifaces/faces/twitter/marcoramires/128.jpg"},"ad":{"company":"StatusCode Weekly","url":"http://statuscode.org/","text":"A weekly newsletter focusing on software development, infrastructure, the server, performance, and the stack end of things."}}

17:36:44.766 [print] {
  "ad": {
    "company": "StatusCode Weekly",
    "text": "A weekly newsletter focusing on software development, infrastructure, the server, performance, and the stack end of things.",
    "url": "http://statuscode.org/"
  },
  "data": {
    "last_name": "Holt",
    "id": 4,
    "avatar": "https://s3.amazonaws.com/uifaces/faces/twitter/marcoramires/128.jpg",
    "first_name": "Eve",
    "email": "eve.holt@reqres.in"
  }
}

