18:11:37.731 skipping bootstrap configuration: could not find or read file: classpath:karate-config.js
18:11:38.954 request:
1 > GET https://reqres.in/api/users/2
1 > Accept-Encoding: gzip,deflate
1 > Connection: Keep-Alive
1 > Host: reqres.in
1 > User-Agent: Apache-HttpClient/4.5.11 (Java/1.8.0_144)

18:11:39.517 response time in milliseconds: 525.93
1 < 200
1 < Access-Control-Allow-Origin: *
1 < Age: 2757
1 < CF-Cache-Status: HIT
1 < CF-RAY: 5c09c993aa35df3a-BOM
1 < Cache-Control: max-age=14400
1 < Connection: keep-alive
1 < Content-Type: application/json; charset=utf-8
1 < Date: Mon, 10 Aug 2020 12:40:47 GMT
1 < Etag: W/"173-1Z8bn0V7UjH6FK7NCaza1ccWXQk"
1 < Expect-CT: max-age=604800, report-uri="https://report-uri.cloudflare.com/cdn-cgi/beacon/expect-ct"
1 < Server: cloudflare
1 < Set-Cookie: __cfduid=db99f6ba3a36858da2bdfe7ae7c49506f1597063247; expires=Wed, 09-Sep-20 12:40:47 GMT; path=/; domain=.reqres.in; HttpOnly; SameSite=Lax; Secure
1 < Transfer-Encoding: chunked
1 < Vary: Accept-Encoding
1 < Via: 1.1 vegur
1 < X-Powered-By: Express
1 < cf-request-id: 0479fc504c0000df3a26054200000001
{"data":{"id":2,"email":"janet.weaver@reqres.in","first_name":"Janet","last_name":"Weaver","avatar":"https://s3.amazonaws.com/uifaces/faces/twitter/josephstein/128.jpg"},"ad":{"company":"StatusCode Weekly","url":"http://statuscode.org/","text":"A weekly newsletter focusing on software development, infrastructure, the server, performance, and the stack end of things."}}

18:11:39.519 [print] {
  "ad": {
    "company": "StatusCode Weekly",
    "text": "A weekly newsletter focusing on software development, infrastructure, the server, performance, and the stack end of things.",
    "url": "http://statuscode.org/"
  },
  "data": {
    "last_name": "Weaver",
    "id": 2,
    "avatar": "https://s3.amazonaws.com/uifaces/faces/twitter/josephstein/128.jpg",
    "first_name": "Janet",
    "email": "janet.weaver@reqres.in"
  }
}

18:11:39.544 skipping bootstrap configuration: could not find or read file: classpath:karate-config.js
18:11:39.550 request:
1 > GET https://reqres.in/api/users/3
1 > Accept-Encoding: gzip,deflate
1 > Connection: Keep-Alive
1 > Host: reqres.in
1 > User-Agent: Apache-HttpClient/4.5.11 (Java/1.8.0_144)

18:11:40.083 response time in milliseconds: 531.47
1 < 200
1 < Access-Control-Allow-Origin: *
1 < Age: 1848
1 < CF-Cache-Status: HIT
1 < CF-RAY: 5c09c99788c7e129-BOM
1 < Cache-Control: max-age=14400
1 < Connection: keep-alive
1 < Content-Type: application/json; charset=utf-8
1 < Date: Mon, 10 Aug 2020 12:40:48 GMT
1 < Etag: W/"16e-/dQyOreIv6pEupp8RbP+u+utK/A"
1 < Expect-CT: max-age=604800, report-uri="https://report-uri.cloudflare.com/cdn-cgi/beacon/expect-ct"
1 < Server: cloudflare
1 < Set-Cookie: __cfduid=d896e665bccb15bfc604c14ccab3de3c31597063248; expires=Wed, 09-Sep-20 12:40:48 GMT; path=/; domain=.reqres.in; HttpOnly; SameSite=Lax; Secure
1 < Transfer-Encoding: chunked
1 < Vary: Accept-Encoding
1 < Via: 1.1 vegur
1 < X-Powered-By: Express
1 < cf-request-id: 0479fc52b10000e1292a2c0200000001
{"data":{"id":3,"email":"emma.wong@reqres.in","first_name":"Emma","last_name":"Wong","avatar":"https://s3.amazonaws.com/uifaces/faces/twitter/olegpogodaev/128.jpg"},"ad":{"company":"StatusCode Weekly","url":"http://statuscode.org/","text":"A weekly newsletter focusing on software development, infrastructure, the server, performance, and the stack end of things."}}

18:11:40.083 [print] {
  "ad": {
    "company": "StatusCode Weekly",
    "text": "A weekly newsletter focusing on software development, infrastructure, the server, performance, and the stack end of things.",
    "url": "http://statuscode.org/"
  },
  "data": {
    "last_name": "Wong",
    "id": 3,
    "avatar": "https://s3.amazonaws.com/uifaces/faces/twitter/olegpogodaev/128.jpg",
    "first_name": "Emma",
    "email": "emma.wong@reqres.in"
  }
}

18:11:40.160 skipping bootstrap configuration: could not find or read file: classpath:karate-config.js
18:11:40.163 request:
1 > GET https://reqres.in/api/users/2
1 > Accept-Encoding: gzip,deflate
1 > Connection: Keep-Alive
1 > Host: reqres.in
1 > User-Agent: Apache-HttpClient/4.5.11 (Java/1.8.0_144)

18:11:40.476 response time in milliseconds: 312.04
1 < 200
1 < Access-Control-Allow-Origin: *
1 < Age: 2758
1 < CF-Cache-Status: HIT
1 < CF-RAY: 5c09c999e8aae13d-BOM
1 < Cache-Control: max-age=14400
1 < Connection: keep-alive
1 < Content-Type: application/json; charset=utf-8
1 < Date: Mon, 10 Aug 2020 12:40:48 GMT
1 < Etag: W/"173-1Z8bn0V7UjH6FK7NCaza1ccWXQk"
1 < Expect-CT: max-age=604800, report-uri="https://report-uri.cloudflare.com/cdn-cgi/beacon/expect-ct"
1 < Server: cloudflare
1 < Set-Cookie: __cfduid=db1d7f631b97063bd1ef61b942b7647541597063248; expires=Wed, 09-Sep-20 12:40:48 GMT; path=/; domain=.reqres.in; HttpOnly; SameSite=Lax; Secure
1 < Transfer-Encoding: chunked
1 < Vary: Accept-Encoding
1 < Via: 1.1 vegur
1 < X-Powered-By: Express
1 < cf-request-id: 0479fc54350000e13d3f91c200000001
{"data":{"id":2,"email":"janet.weaver@reqres.in","first_name":"Janet","last_name":"Weaver","avatar":"https://s3.amazonaws.com/uifaces/faces/twitter/josephstein/128.jpg"},"ad":{"company":"StatusCode Weekly","url":"http://statuscode.org/","text":"A weekly newsletter focusing on software development, infrastructure, the server, performance, and the stack end of things."}}

18:11:40.477 [print] {
  "ad": {
    "company": "StatusCode Weekly",
    "text": "A weekly newsletter focusing on software development, infrastructure, the server, performance, and the stack end of things.",
    "url": "http://statuscode.org/"
  },
  "data": {
    "last_name": "Weaver",
    "id": 2,
    "avatar": "https://s3.amazonaws.com/uifaces/faces/twitter/josephstein/128.jpg",
    "first_name": "Janet",
    "email": "janet.weaver@reqres.in"
  }
}

18:11:40.485 skipping bootstrap configuration: could not find or read file: classpath:karate-config.js
18:11:40.490 request:
1 > GET https://reqres.in/api/users/6
1 > Accept-Encoding: gzip,deflate
1 > Connection: Keep-Alive
1 > Host: reqres.in
1 > User-Agent: Apache-HttpClient/4.5.11 (Java/1.8.0_144)

18:11:40.574 response time in milliseconds: 82.99
1 < 200
1 < Access-Control-Allow-Origin: *
1 < Age: 1726
1 < CF-Cache-Status: HIT
1 < CF-RAY: 5c09c99a9820df77-BOM
1 < Cache-Control: max-age=14400
1 < Connection: keep-alive
1 < Content-Type: application/json; charset=utf-8
1 < Date: Mon, 10 Aug 2020 12:40:49 GMT
1 < Etag: W/"171-RK8GOdO6tEbyyylSdadC1Y6UTGc"
1 < Expect-CT: max-age=604800, report-uri="https://report-uri.cloudflare.com/cdn-cgi/beacon/expect-ct"
1 < Server: cloudflare
1 < Set-Cookie: __cfduid=dda246b10c125267767d9ab66e1e326501597063249; expires=Wed, 09-Sep-20 12:40:49 GMT; path=/; domain=.reqres.in; HttpOnly; SameSite=Lax; Secure
1 < Transfer-Encoding: chunked
1 < Vary: Accept-Encoding
1 < Via: 1.1 vegur
1 < X-Powered-By: Express
1 < cf-request-id: 0479fc54a00000df7754304200000001
{"data":{"id":6,"email":"tracey.ramos@reqres.in","first_name":"Tracey","last_name":"Ramos","avatar":"https://s3.amazonaws.com/uifaces/faces/twitter/bigmancho/128.jpg"},"ad":{"company":"StatusCode Weekly","url":"http://statuscode.org/","text":"A weekly newsletter focusing on software development, infrastructure, the server, performance, and the stack end of things."}}

18:11:40.575 [print] {
  "ad": {
    "company": "StatusCode Weekly",
    "text": "A weekly newsletter focusing on software development, infrastructure, the server, performance, and the stack end of things.",
    "url": "http://statuscode.org/"
  },
  "data": {
    "last_name": "Ramos",
    "id": 6,
    "avatar": "https://s3.amazonaws.com/uifaces/faces/twitter/bigmancho/128.jpg",
    "first_name": "Tracey",
    "email": "tracey.ramos@reqres.in"
  }
}

18:11:40.598 skipping bootstrap configuration: could not find or read file: classpath:karate-config.js
18:11:40.611 request:
1 > GET https://reqres.in/api/users/2
1 > Accept-Encoding: gzip,deflate
1 > Connection: Keep-Alive
1 > Host: reqres.in
1 > User-Agent: Apache-HttpClient/4.5.11 (Java/1.8.0_144)

18:11:40.733 response time in milliseconds: 83.00
1 < 200
1 < Access-Control-Allow-Origin: *
1 < Age: 2759
1 < CF-Cache-Status: HIT
1 < CF-RAY: 5c09c99b4b41e15a-BOM
1 < Cache-Control: max-age=14400
1 < Connection: keep-alive
1 < Content-Type: application/json; charset=utf-8
1 < Date: Mon, 10 Aug 2020 12:40:49 GMT
1 < Etag: W/"173-1Z8bn0V7UjH6FK7NCaza1ccWXQk"
1 < Expect-CT: max-age=604800, report-uri="https://report-uri.cloudflare.com/cdn-cgi/beacon/expect-ct"
1 < Server: cloudflare
1 < Set-Cookie: __cfduid=d790a9e7e4205a47816e07c79d0471e911597063249; expires=Wed, 09-Sep-20 12:40:49 GMT; path=/; domain=.reqres.in; HttpOnly; SameSite=Lax; Secure
1 < Transfer-Encoding: chunked
1 < Vary: Accept-Encoding
1 < Via: 1.1 vegur
1 < X-Powered-By: Express
1 < cf-request-id: 0479fc550e0000e15a4ba4a200000001
{"data":{"id":2,"email":"janet.weaver@reqres.in","first_name":"Janet","last_name":"Weaver","avatar":"https://s3.amazonaws.com/uifaces/faces/twitter/josephstein/128.jpg"},"ad":{"company":"StatusCode Weekly","url":"http://statuscode.org/","text":"A weekly newsletter focusing on software development, infrastructure, the server, performance, and the stack end of things."}}

18:11:40.733 [print] {
  "ad": {
    "company": "StatusCode Weekly",
    "text": "A weekly newsletter focusing on software development, infrastructure, the server, performance, and the stack end of things.",
    "url": "http://statuscode.org/"
  },
  "data": {
    "last_name": "Weaver",
    "id": 2,
    "avatar": "https://s3.amazonaws.com/uifaces/faces/twitter/josephstein/128.jpg",
    "first_name": "Janet",
    "email": "janet.weaver@reqres.in"
  }
}

18:11:40.744 request:
1 > GET https://reqres.in/api/users/6
1 > Accept-Encoding: gzip,deflate
1 > Connection: Keep-Alive
1 > Host: reqres.in
1 > User-Agent: Apache-HttpClient/4.5.11 (Java/1.8.0_144)

18:11:40.817 response time in milliseconds: 73.20
1 < 200
1 < Access-Control-Allow-Origin: *
1 < Age: 1726
1 < CF-Cache-Status: HIT
1 < CF-RAY: 5c09c99c29aedf73-BOM
1 < Cache-Control: max-age=14400
1 < Connection: keep-alive
1 < Content-Type: application/json; charset=utf-8
1 < Date: Mon, 10 Aug 2020 12:40:49 GMT
1 < Etag: W/"171-RK8GOdO6tEbyyylSdadC1Y6UTGc"
1 < Expect-CT: max-age=604800, report-uri="https://report-uri.cloudflare.com/cdn-cgi/beacon/expect-ct"
1 < Server: cloudflare
1 < Set-Cookie: __cfduid=d3abbc29fb25d5194a2aa13e8e7a0deea1597063249; expires=Wed, 09-Sep-20 12:40:49 GMT; path=/; domain=.reqres.in; HttpOnly; SameSite=Lax; Secure
1 < Transfer-Encoding: chunked
1 < Vary: Accept-Encoding
1 < Via: 1.1 vegur
1 < X-Powered-By: Express
1 < cf-request-id: 0479fc55940000df735585a200000001
{"data":{"id":6,"email":"tracey.ramos@reqres.in","first_name":"Tracey","last_name":"Ramos","avatar":"https://s3.amazonaws.com/uifaces/faces/twitter/bigmancho/128.jpg"},"ad":{"company":"StatusCode Weekly","url":"http://statuscode.org/","text":"A weekly newsletter focusing on software development, infrastructure, the server, performance, and the stack end of things."}}

18:11:40.818 [print] {
  "ad": {
    "company": "StatusCode Weekly",
    "text": "A weekly newsletter focusing on software development, infrastructure, the server, performance, and the stack end of things.",
    "url": "http://statuscode.org/"
  },
  "data": {
    "last_name": "Ramos",
    "id": 6,
    "avatar": "https://s3.amazonaws.com/uifaces/faces/twitter/bigmancho/128.jpg",
    "first_name": "Tracey",
    "email": "tracey.ramos@reqres.in"
  }
}

18:11:40.820 request:
1 > GET https://reqres.in/api/users/3
1 > Accept-Encoding: gzip,deflate
1 > Connection: Keep-Alive
1 > Host: reqres.in
1 > User-Agent: Apache-HttpClient/4.5.11 (Java/1.8.0_144)

18:11:41.901 response time in milliseconds: 1081.18
1 < 200
1 < Access-Control-Allow-Origin: *
1 < Age: 1850
1 < CF-Cache-Status: HIT
1 < CF-RAY: 5c09c9a2dbaddf57-BOM
1 < Cache-Control: max-age=14400
1 < Connection: keep-alive
1 < Content-Type: application/json; charset=utf-8
1 < Date: Mon, 10 Aug 2020 12:40:50 GMT
1 < Etag: W/"16e-/dQyOreIv6pEupp8RbP+u+utK/A"
1 < Expect-CT: max-age=604800, report-uri="https://report-uri.cloudflare.com/cdn-cgi/beacon/expect-ct"
1 < Server: cloudflare
1 < Set-Cookie: __cfduid=dbfaf2381c4af3a35a86e3f019bcc57741597063250; expires=Wed, 09-Sep-20 12:40:50 GMT; path=/; domain=.reqres.in; HttpOnly; SameSite=Lax; Secure
1 < Transfer-Encoding: chunked
1 < Vary: Accept-Encoding
1 < Via: 1.1 vegur
1 < X-Powered-By: Express
1 < cf-request-id: 0479fc59c70000df57180b4200000001
{"data":{"id":3,"email":"emma.wong@reqres.in","first_name":"Emma","last_name":"Wong","avatar":"https://s3.amazonaws.com/uifaces/faces/twitter/olegpogodaev/128.jpg"},"ad":{"company":"StatusCode Weekly","url":"http://statuscode.org/","text":"A weekly newsletter focusing on software development, infrastructure, the server, performance, and the stack end of things."}}

18:11:41.902 [print] {
  "ad": {
    "company": "StatusCode Weekly",
    "text": "A weekly newsletter focusing on software development, infrastructure, the server, performance, and the stack end of things.",
    "url": "http://statuscode.org/"
  },
  "data": {
    "last_name": "Wong",
    "id": 3,
    "avatar": "https://s3.amazonaws.com/uifaces/faces/twitter/olegpogodaev/128.jpg",
    "first_name": "Emma",
    "email": "emma.wong@reqres.in"
  }
}

18:11:41.909 [print] result.... {
  "expectedOutput1": [
    {
      "data": {
        "id": 3,
        "email": "emma.wong@reqres.in",
        "first_name": "Emma",
        "last_name": "Wong",
        "avatar": "https://s3.amazonaws.com/uifaces/faces/twitter/olegpogodaev/128.jpg"
      },
      "ad": {
        "company": "StatusCode Weekly",
        "url": "http://statuscode.org/",
        "text": "A weekly newsletter focusing on software development, infrastructure, the server, performance, and the stack end of things."
      }
    },
    {
      "data": {
        "id": 2,
        "email": "janet.weaver@reqres.in",
        "first_name": "Janet",
        "last_name": "Weaver",
        "avatar": "https://s3.amazonaws.com/uifaces/faces/twitter/josephstein/128.jpg"
      },
      "ad": {
        "company": "StatusCode Weekly",
        "url": "http://statuscode.org/",
        "text": "A weekly newsletter focusing on software development, infrastructure, the server, performance, and the stack end of things."
      }
    }
  ],
  "__arg": null,
  "responseType": "json",
  "responseHeaders": {
    "Date": [
      "Mon, 10 Aug 2020 12:40:49 GMT"
    ],
    "Content-Type": [
      "application/json; charset=utf-8"
    ],
    "Transfer-Encoding": [
      "chunked"
    ],
    "Connection": [
      "keep-alive"
    ],
    "Set-Cookie": [
      "__cfduid=d3abbc29fb25d5194a2aa13e8e7a0deea1597063249; expires=Wed, 09-Sep-20 12:40:49 GMT; path=/; domain=.reqres.in; HttpOnly; SameSite=Lax; Secure"
    ],
    "X-Powered-By": [
      "Express"
    ],
    "Access-Control-Allow-Origin": [
      "*"
    ],
    "Etag": [
      "W/\"171-RK8GOdO6tEbyyylSdadC1Y6UTGc\""
    ],
    "Via": [
      "1.1 vegur"
    ],
    "Cache-Control": [
      "max-age=14400"
    ],
    "CF-Cache-Status": [
      "HIT"
    ],
    "Age": [
      "1726"
    ],
    "cf-request-id": [
      "0479fc55940000df735585a200000001"
    ],
    "Expect-CT": [
      "max-age=604800, report-uri=\"https://report-uri.cloudflare.com/cdn-cgi/beacon/expect-ct\""
    ],
    "Vary": [
      "Accept-Encoding"
    ],
    "Server": [
      "cloudflare"
    ],
    "CF-RAY": [
      "5c09c99c29aedf73-BOM"
    ]
  },
  "feature": classpath:featureTest/features/userDetails1.feature,
  "responseTime": 73,
  "response": {
    "ad": {
      "company": "StatusCode Weekly",
      "text": "A weekly newsletter focusing on software development, infrastructure, the server, performance, and the stack end of things.",
      "url": "http://statuscode.org/"
    },
    "data": {
      "last_name": "Ramos",
      "id": 6,
      "avatar": "https://s3.amazonaws.com/uifaces/faces/twitter/bigmancho/128.jpg",
      "first_name": "Tracey",
      "email": "tracey.ramos@reqres.in"
    }
  },
  "requestTimeStamp": 1597063300744,
  "expectedOutput": [
    {
      "data": {
        "id": 3,
        "email": "emma.wong@reqres.in",
        "first_name": "Emma",
        "last_name": "Wong",
        "avatar": "https://s3.amazonaws.com/uifaces/faces/twitter/olegpogodaev/128.jpg"
      },
      "ad": {
        "company": "StatusCode Weekly",
        "url": "http://statuscode.org/",
        "text": "A weekly newsletter focusing on software development, infrastructure, the server, performance, and the stack end of things."
      }
    },
    {
      "data": {
        "id": 2,
        "email": "janet.weaver@reqres.in",
        "first_name": "Janet",
        "last_name": "Weaver",
        "avatar": "https://s3.amazonaws.com/uifaces/faces/twitter/josephstein/128.jpg"
      },
      "ad": {
        "company": "StatusCode Weekly",
        "url": "http://statuscode.org/",
        "text": "A weekly newsletter focusing on software development, infrastructure, the server, performance, and the stack end of things."
      }
    }
  ],
  "responseStatus": 200,
  "__loop": -1,
  "responseCookies": {
    "__cfduid": {
      "name": "__cfduid",
      "value": "d3abbc29fb25d5194a2aa13e8e7a0deea1597063249",
      "domain": "reqres.in",
      "path": "/",
      "expires": "1599655249000",
      "persistent": "true",
      "secure": "true"
    }
  }
}

18:11:41.917 [print] first_name_value--- Tracey
18:11:41.923 skipping bootstrap configuration: could not find or read file: classpath:karate-config.js
18:11:41.933 request:
1 > GET https://reqres.in/api/users/2
1 > Accept-Encoding: gzip,deflate
1 > Connection: Keep-Alive
1 > Host: reqres.in
1 > User-Agent: Apache-HttpClient/4.5.11 (Java/1.8.0_144)

18:11:42.021 response time in milliseconds: 87.88
1 < 200
1 < Access-Control-Allow-Origin: *
1 < Age: 2760
1 < CF-Cache-Status: HIT
1 < CF-RAY: 5c09c9a3afb8e13d-BOM
1 < Cache-Control: max-age=14400
1 < Connection: keep-alive
1 < Content-Type: application/json; charset=utf-8
1 < Date: Mon, 10 Aug 2020 12:40:50 GMT
1 < Etag: W/"173-1Z8bn0V7UjH6FK7NCaza1ccWXQk"
1 < Expect-CT: max-age=604800, report-uri="https://report-uri.cloudflare.com/cdn-cgi/beacon/expect-ct"
1 < Server: cloudflare
1 < Set-Cookie: __cfduid=d1f38f5d3ebbf030a8c6f640e2c2d5e831597063250; expires=Wed, 09-Sep-20 12:40:50 GMT; path=/; domain=.reqres.in; HttpOnly; SameSite=Lax; Secure
1 < Transfer-Encoding: chunked
1 < Vary: Accept-Encoding
1 < Via: 1.1 vegur
1 < X-Powered-By: Express
1 < cf-request-id: 0479fc5a480000e13d34891200000001
{"data":{"id":2,"email":"janet.weaver@reqres.in","first_name":"Janet","last_name":"Weaver","avatar":"https://s3.amazonaws.com/uifaces/faces/twitter/josephstein/128.jpg"},"ad":{"company":"StatusCode Weekly","url":"http://statuscode.org/","text":"A weekly newsletter focusing on software development, infrastructure, the server, performance, and the stack end of things."}}

18:11:42.022 [print] {
  "ad": {
    "company": "StatusCode Weekly",
    "text": "A weekly newsletter focusing on software development, infrastructure, the server, performance, and the stack end of things.",
    "url": "http://statuscode.org/"
  },
  "data": {
    "last_name": "Weaver",
    "id": 2,
    "avatar": "https://s3.amazonaws.com/uifaces/faces/twitter/josephstein/128.jpg",
    "first_name": "Janet",
    "email": "janet.weaver@reqres.in"
  }
}

18:11:42.029 request:
1 > GET https://reqres.in/api/users/6
1 > Accept-Encoding: gzip,deflate
1 > Connection: Keep-Alive
1 > Host: reqres.in
1 > User-Agent: Apache-HttpClient/4.5.11 (Java/1.8.0_144)

18:11:42.101 response time in milliseconds: 70.43
1 < 200
1 < Access-Control-Allow-Origin: *
1 < Age: 1727
1 < CF-Cache-Status: HIT
1 < CF-RAY: 5c09c9a42a57df7b-BOM
1 < Cache-Control: max-age=14400
1 < Connection: keep-alive
1 < Content-Type: application/json; charset=utf-8
1 < Date: Mon, 10 Aug 2020 12:40:50 GMT
1 < Etag: W/"171-RK8GOdO6tEbyyylSdadC1Y6UTGc"
1 < Expect-CT: max-age=604800, report-uri="https://report-uri.cloudflare.com/cdn-cgi/beacon/expect-ct"
1 < Server: cloudflare
1 < Set-Cookie: __cfduid=d797f79a4602f0ee18196fd110f4c10e51597063250; expires=Wed, 09-Sep-20 12:40:50 GMT; path=/; domain=.reqres.in; HttpOnly; SameSite=Lax; Secure
1 < Transfer-Encoding: chunked
1 < Vary: Accept-Encoding
1 < Via: 1.1 vegur
1 < X-Powered-By: Express
1 < cf-request-id: 0479fc5a9a0000df7b0e826200000001
{"data":{"id":6,"email":"tracey.ramos@reqres.in","first_name":"Tracey","last_name":"Ramos","avatar":"https://s3.amazonaws.com/uifaces/faces/twitter/bigmancho/128.jpg"},"ad":{"company":"StatusCode Weekly","url":"http://statuscode.org/","text":"A weekly newsletter focusing on software development, infrastructure, the server, performance, and the stack end of things."}}

18:11:42.102 [print] {
  "ad": {
    "company": "StatusCode Weekly",
    "text": "A weekly newsletter focusing on software development, infrastructure, the server, performance, and the stack end of things.",
    "url": "http://statuscode.org/"
  },
  "data": {
    "last_name": "Ramos",
    "id": 6,
    "avatar": "https://s3.amazonaws.com/uifaces/faces/twitter/bigmancho/128.jpg",
    "first_name": "Tracey",
    "email": "tracey.ramos@reqres.in"
  }
}

18:11:42.104 request:
1 > GET https://reqres.in/api/users/4
1 > Accept-Encoding: gzip,deflate
1 > Connection: Keep-Alive
1 > Host: reqres.in
1 > User-Agent: Apache-HttpClient/4.5.11 (Java/1.8.0_144)

18:11:42.912 response time in milliseconds: 806.73
1 < 200
1 < Access-Control-Allow-Origin: *
1 < Age: 907
1 < CF-Cache-Status: HIT
1 < CF-RAY: 5c09c9a4ace1e135-BOM
1 < Cache-Control: max-age=14400
1 < Connection: keep-alive
1 < Content-Type: application/json; charset=utf-8
1 < Date: Mon, 10 Aug 2020 12:40:50 GMT
1 < Etag: W/"16c-mIWNM4OngCynURuNYpc4udv7t7k"
1 < Expect-CT: max-age=604800, report-uri="https://report-uri.cloudflare.com/cdn-cgi/beacon/expect-ct"
1 < Server: cloudflare
1 < Set-Cookie: __cfduid=d2e3bd710112ea44d8f2859ed68cff9b71597063250; expires=Wed, 09-Sep-20 12:40:50 GMT; path=/; domain=.reqres.in; HttpOnly; SameSite=Lax; Secure
1 < Transfer-Encoding: chunked
1 < Vary: Accept-Encoding
1 < Via: 1.1 vegur
1 < X-Powered-By: Express
1 < cf-request-id: 0479fc5ae50000e13562935200000001
{"data":{"id":4,"email":"eve.holt@reqres.in","first_name":"Eve","last_name":"Holt","avatar":"https://s3.amazonaws.com/uifaces/faces/twitter/marcoramires/128.jpg"},"ad":{"company":"StatusCode Weekly","url":"http://statuscode.org/","text":"A weekly newsletter focusing on software development, infrastructure, the server, performance, and the stack end of things."}}

18:11:42.912 [print] {
  "ad": {
    "company": "StatusCode Weekly",
    "text": "A weekly newsletter focusing on software development, infrastructure, the server, performance, and the stack end of things.",
    "url": "http://statuscode.org/"
  },
  "data": {
    "last_name": "Holt",
    "id": 4,
    "avatar": "https://s3.amazonaws.com/uifaces/faces/twitter/marcoramires/128.jpg",
    "first_name": "Eve",
    "email": "eve.holt@reqres.in"
  }
}

18:11:42.919 skipping bootstrap configuration: could not find or read file: classpath:karate-config.js
18:11:42.940 request:
1 > GET https://reqres.in/api/users/2
1 > Accept-Encoding: gzip,deflate
1 > Connection: Keep-Alive
1 > Host: reqres.in
1 > User-Agent: Apache-HttpClient/4.5.11 (Java/1.8.0_144)

18:11:43.023 response time in milliseconds: 81.49
1 < 200
1 < Access-Control-Allow-Origin: *
1 < Age: 2761
1 < CF-Cache-Status: HIT
1 < CF-RAY: 5c09c9a9ea28e129-BOM
1 < Cache-Control: max-age=14400
1 < Connection: keep-alive
1 < Content-Type: application/json; charset=utf-8
1 < Date: Mon, 10 Aug 2020 12:40:51 GMT
1 < Etag: W/"173-1Z8bn0V7UjH6FK7NCaza1ccWXQk"
1 < Expect-CT: max-age=604800, report-uri="https://report-uri.cloudflare.com/cdn-cgi/beacon/expect-ct"
1 < Server: cloudflare
1 < Set-Cookie: __cfduid=d4ef20d625e7c8a36973d74c27f7c4ff61597063251; expires=Wed, 09-Sep-20 12:40:51 GMT; path=/; domain=.reqres.in; HttpOnly; SameSite=Lax; Secure
1 < Transfer-Encoding: chunked
1 < Vary: Accept-Encoding
1 < Via: 1.1 vegur
1 < X-Powered-By: Express
1 < cf-request-id: 0479fc5e2e0000e1291d010200000001
{"data":{"id":2,"email":"janet.weaver@reqres.in","first_name":"Janet","last_name":"Weaver","avatar":"https://s3.amazonaws.com/uifaces/faces/twitter/josephstein/128.jpg"},"ad":{"company":"StatusCode Weekly","url":"http://statuscode.org/","text":"A weekly newsletter focusing on software development, infrastructure, the server, performance, and the stack end of things."}}

18:11:43.023 [print] {
  "ad": {
    "company": "StatusCode Weekly",
    "text": "A weekly newsletter focusing on software development, infrastructure, the server, performance, and the stack end of things.",
    "url": "http://statuscode.org/"
  },
  "data": {
    "last_name": "Weaver",
    "id": 2,
    "avatar": "https://s3.amazonaws.com/uifaces/faces/twitter/josephstein/128.jpg",
    "first_name": "Janet",
    "email": "janet.weaver@reqres.in"
  }
}

18:11:43.029 request:
1 > GET https://reqres.in/api/users/6
1 > Accept-Encoding: gzip,deflate
1 > Connection: Keep-Alive
1 > Host: reqres.in
1 > User-Agent: Apache-HttpClient/4.5.11 (Java/1.8.0_144)

18:11:46.102 response time in milliseconds: 3072.22
1 < 200
1 < Access-Control-Allow-Origin: *
1 < Age: 1731
1 < CF-Cache-Status: HIT
1 < CF-RAY: 5c09c9bd2857df73-BOM
1 < Cache-Control: max-age=14400
1 < Connection: keep-alive
1 < Content-Type: application/json; charset=utf-8
1 < Date: Mon, 10 Aug 2020 12:40:54 GMT
1 < Etag: W/"171-RK8GOdO6tEbyyylSdadC1Y6UTGc"
1 < Expect-CT: max-age=604800, report-uri="https://report-uri.cloudflare.com/cdn-cgi/beacon/expect-ct"
1 < Server: cloudflare
1 < Set-Cookie: __cfduid=df56ca28b34d42f58f3dc33893672dc851597063254; expires=Wed, 09-Sep-20 12:40:54 GMT; path=/; domain=.reqres.in; HttpOnly; SameSite=Lax; Secure
1 < Transfer-Encoding: chunked
1 < Vary: Accept-Encoding
1 < Via: 1.1 vegur
1 < X-Powered-By: Express
1 < cf-request-id: 0479fc6a3a0000df7356997200000001
{"data":{"id":6,"email":"tracey.ramos@reqres.in","first_name":"Tracey","last_name":"Ramos","avatar":"https://s3.amazonaws.com/uifaces/faces/twitter/bigmancho/128.jpg"},"ad":{"company":"StatusCode Weekly","url":"http://statuscode.org/","text":"A weekly newsletter focusing on software development, infrastructure, the server, performance, and the stack end of things."}}

18:11:46.103 [print] {
  "ad": {
    "company": "StatusCode Weekly",
    "text": "A weekly newsletter focusing on software development, infrastructure, the server, performance, and the stack end of things.",
    "url": "http://statuscode.org/"
  },
  "data": {
    "last_name": "Ramos",
    "id": 6,
    "avatar": "https://s3.amazonaws.com/uifaces/faces/twitter/bigmancho/128.jpg",
    "first_name": "Tracey",
    "email": "tracey.ramos@reqres.in"
  }
}

18:11:46.105 request:
1 > GET https://reqres.in/api/users/5
1 > Accept-Encoding: gzip,deflate
1 > Connection: Keep-Alive
1 > Host: reqres.in
1 > User-Agent: Apache-HttpClient/4.5.11 (Java/1.8.0_144)

18:11:46.183 response time in milliseconds: 76.30
1 < 200
1 < Access-Control-Allow-Origin: *
1 < Age: 909
1 < CF-Cache-Status: HIT
1 < CF-RAY: 5c09c9bdae38e12d-BOM
1 < Cache-Control: max-age=14400
1 < Connection: keep-alive
1 < Content-Type: application/json; charset=utf-8
1 < Date: Mon, 10 Aug 2020 12:40:54 GMT
1 < Etag: W/"177-mjjNxL3lmkUHZZzV/LAL61Zkg1Y"
1 < Expect-CT: max-age=604800, report-uri="https://report-uri.cloudflare.com/cdn-cgi/beacon/expect-ct"
1 < Server: cloudflare
1 < Set-Cookie: __cfduid=d050c6a6189bbdca3a676458671ca830b1597063254; expires=Wed, 09-Sep-20 12:40:54 GMT; path=/; domain=.reqres.in; HttpOnly; SameSite=Lax; Secure
1 < Transfer-Encoding: chunked
1 < Vary: Accept-Encoding
1 < Via: 1.1 vegur
1 < X-Powered-By: Express
1 < cf-request-id: 0479fc6a8a0000e12db5a66200000001
{"data":{"id":5,"email":"charles.morris@reqres.in","first_name":"Charles","last_name":"Morris","avatar":"https://s3.amazonaws.com/uifaces/faces/twitter/stephenmoon/128.jpg"},"ad":{"company":"StatusCode Weekly","url":"http://statuscode.org/","text":"A weekly newsletter focusing on software development, infrastructure, the server, performance, and the stack end of things."}}

18:11:46.183 [print] {
  "ad": {
    "company": "StatusCode Weekly",
    "text": "A weekly newsletter focusing on software development, infrastructure, the server, performance, and the stack end of things.",
    "url": "http://statuscode.org/"
  },
  "data": {
    "last_name": "Morris",
    "id": 5,
    "avatar": "https://s3.amazonaws.com/uifaces/faces/twitter/stephenmoon/128.jpg",
    "first_name": "Charles",
    "email": "charles.morris@reqres.in"
  }
}

18:11:46.209 skipping bootstrap configuration: could not find or read file: classpath:karate-config.js
:38.197 request:
1 > POST https://reqres.in/api/users
1 > Accept: application/json
1 > Accept-Encoding: gzip,deflate
1 > Connection: Keep-Alive
1 > Content-Length: 33
1 > Content-Type: application/json; charset=UTF-8
1 > Host: reqres.in
1 > User-Agent: Apache-HttpClient/4.5.11 (Java/1.8.0_144)
{"name":"arjunss","job":"leader"}

18:02:38.447 response time in milliseconds: 250.32
1 < 201
1 < Access-Control-Allow-Origin: *
1 < CF-Cache-Status: DYNAMIC
1 < CF-RAY: 5c09bc5d2efee139-BOM
1 < Connection: keep-alive
1 < Content-Length: 83
1 < Content-Type: application/json; charset=utf-8
1 < Date: Mon, 10 Aug 2020 12:31:46 GMT
1 < Etag: W/"53-Ov+oNJe31ALOul3vi5cmuS4y6jQ"
1 < Expect-CT: max-age=604800, report-uri="https://report-uri.cloudflare.com/cdn-cgi/beacon/expect-ct"
1 < Server: cloudflare
1 < Set-Cookie: __cfduid=d16414d222561b225d853933e9da3b0681597062706; expires=Wed, 09-Sep-20 12:31:46 GMT; path=/; domain=.reqres.in; HttpOnly; SameSite=Lax; Secure
1 < Via: 1.1 vegur
1 < X-Powered-By: Express
1 < cf-request-id: 0479f40e370000e139233fa200000001
{"name":"arjunss","job":"leader","id":"954","createdAt":"2020-08-10T12:31:46.852Z"}

18:02:38.451 [print] Response-- {
  "createdAt": "2020-08-10T12:31:46.852Z",
  "name": "arjunss",
  "id": "954",
  "job": "leader"
}

