17:42:53.350 skipping bootstrap configuration: could not find or read file: classpath:karate-config.js
17:42:54.500 request:
1 > GET https://reqres.in/api/users/6
1 > Accept-Encoding: gzip,deflate
1 > Connection: Keep-Alive
1 > Host: reqres.in
1 > User-Agent: Apache-HttpClient/4.5.11 (Java/1.8.0_144)

17:42:55.121 response time in milliseconds: 619.89
1 < 200
1 < Access-Control-Allow-Origin: *
1 < CF-Cache-Status: MISS
1 < CF-RAY: 5c099f77bfa2df63-BOM
1 < Cache-Control: max-age=14400
1 < Connection: keep-alive
1 < Content-Type: application/json; charset=utf-8
1 < Date: Mon, 10 Aug 2020 12:12:03 GMT
1 < Etag: W/"171-RK8GOdO6tEbyyylSdadC1Y6UTGc"
1 < Expect-CT: max-age=604800, report-uri="https://report-uri.cloudflare.com/cdn-cgi/beacon/expect-ct"
1 < Server: cloudflare
1 < Set-Cookie: __cfduid=d7b9118752e9ab1ecbd570260297147381597061523; expires=Wed, 09-Sep-20 12:12:03 GMT; path=/; domain=.reqres.in; HttpOnly; SameSite=Lax; Secure
1 < Transfer-Encoding: chunked
1 < Vary: Accept-Encoding
1 < Via: 1.1 vegur
1 < X-Powered-By: Express
1 < cf-request-id: 0479e1fece0000df6360973200000001
{"data":{"id":6,"email":"tracey.ramos@reqres.in","first_name":"Tracey","last_name":"Ramos","avatar":"https://s3.amazonaws.com/uifaces/faces/twitter/bigmancho/128.jpg"},"ad":{"company":"StatusCode Weekly","url":"http://statuscode.org/","text":"A weekly newsletter focusing on software development, infrastructure, the server, performance, and the stack end of things."}}

17:42:55.122 [print] {
  "ad": {
    "company": "StatusCode Weekly",
    "text": "A weekly newsletter focusing on software development, infrastructure, the server, performance, and the stack end of things.",
    "url": "http://statuscode.org/"
  },
  "data": {
    "last_name": "Ramos",
    "id": 6,
    "avatar": "https://s3.amazonaws.com/uifaces/faces/twitter/bigmancho/128.jpg",
    "first_name": "Tracey",
    "email": "tracey.ramos@reqres.in"
  }
}

